[2022-01-17 14:52:52.211] [exthost] [info] Extension host with pid 26472 started
[2022-01-17 14:52:52.252] [exthost] [info] ExtensionService#_doActivateExtension vscode.microsoft-authentication, startup: false, activationEvent: 'onAuthenticationRequest:microsoft'
[2022-01-17 14:52:52.260] [exthost] [info] ExtensionService#_doActivateExtension vscode.debug-auto-launch, startup: true, activationEvent: '*'
[2022-01-17 14:52:52.262] [exthost] [info] ExtensionService#_doActivateExtension vscode.git-base, startup: true, activationEvent: '*', root cause: vscode.github
[2022-01-17 14:52:52.282] [exthost] [info] ExtensionService#_doActivateExtension vscode.git, startup: true, activationEvent: '*'
[2022-01-17 14:52:52.303] [exthost] [info] ExtensionService#_doActivateExtension vscode.github, startup: true, activationEvent: '*'
[2022-01-17 14:52:52.397] [exthost] [info] Eager extensions activated
[2022-01-17 14:52:52.434] [exthost] [info] ExtensionService#_doActivateExtension vscode.emmet, startup: false, activationEvent: 'onStartupFinished'
[2022-01-17 14:52:52.443] [exthost] [info] ExtensionService#_doActivateExtension vscode.merge-conflict, startup: false, activationEvent: 'onStartupFinished'
[2022-01-17 14:52:52.449] [exthost] [info] ExtensionService#_doActivateExtension vscode.github-authentication, startup: false, activationEvent: 'onAuthenticationRequest:github'
[2022-01-17 14:53:24.551] [exthost] [info] ExtensionService#_doActivateExtension vscode.configuration-editing, startup: false, activationEvent: 'onLanguage:jsonc'
[2022-01-17 14:53:24.569] [exthost] [info] ExtensionService#_doActivateExtension vscode.json-language-features, startup: false, activationEvent: 'onLanguage:jsonc'
[2022-01-17 14:53:24.701] [exthost] [info] ExtensionService#_doActivateExtension vscode.typescript-language-features, startup: false, activationEvent: 'onLanguage:jsonc'
[2022-01-17 14:53:54.575] [exthost] [info] extension host terminating: renderer closed the socket
[2022-01-17 14:53:54.585] [exthost] [info] Extension host with pid 26472 exiting with code 0
[2022-01-17 14:53:57.040] [exthost] [info] Extension host with pid 26564 started
[2022-01-17 14:53:57.040] [exthost] [info] Skipping acquiring lock for /home/geexu/.config/Code/User/workspaceStorage/c90f3bd644efc1ce196ac290517e0ddf.
[2022-01-17 14:53:57.146] [exthost] [info] ExtensionService#_doActivateExtension vscode.microsoft-authentication, startup: false, activationEvent: 'onAuthenticationRequest:microsoft'
[2022-01-17 14:53:57.156] [exthost] [info] ExtensionService#_doActivateExtension vscode.debug-auto-launch, startup: true, activationEvent: '*'
[2022-01-17 14:53:57.158] [exthost] [info] ExtensionService#_doActivateExtension vscode.git-base, startup: true, activationEvent: '*', root cause: vscode.github
[2022-01-17 14:53:57.179] [exthost] [info] ExtensionService#_doActivateExtension vscode.github, startup: true, activationEvent: '*'
[2022-01-17 14:53:57.188] [exthost] [info] Eager extensions activated
[2022-01-17 14:53:57.206] [exthost] [info] ExtensionService#_doActivateExtension vscode.emmet, startup: false, activationEvent: 'onStartupFinished'
[2022-01-17 14:53:57.215] [exthost] [info] ExtensionService#_doActivateExtension vscode.merge-conflict, startup: false, activationEvent: 'onStartupFinished'
[2022-01-17 14:53:57.243] [exthost] [info] ExtensionService#_doActivateExtension vscode.github-authentication, startup: false, activationEvent: 'onAuthenticationRequest:github'
[2022-01-17 14:54:03.671] [exthost] [info] ExtensionService#_doActivateExtension vscode.git, startup: false, activationEvent: 'api', root cause: vscode.github
[2022-01-17 14:54:03.926] [exthost] [warning] [Decorations] CAPPING events from decorations provider vscode.git 368
[2022-01-17 14:54:52.676] [exthost] [warning] [Decorations] CAPPING events from decorations provider vscode.git 378
[2022-01-17 14:54:54.325] [exthost] [warning] [Decorations] CAPPING events from decorations provider vscode.git 376
[2022-01-17 14:55:08.295] [exthost] [info] ExtensionService#_doActivateExtension vscode.configuration-editing, startup: false, activationEvent: 'onLanguage:jsonc'
[2022-01-17 14:55:08.299] [exthost] [info] ExtensionService#_doActivateExtension vscode.json-language-features, startup: false, activationEvent: 'onLanguage:jsonc'
[2022-01-17 14:55:08.320] [exthost] [info] ExtensionService#_doActivateExtension vscode.typescript-language-features, startup: false, activationEvent: 'onLanguage:jsonc'
[2022-01-17 14:55:09.638] [exthost] [warning] [Decorations] CAPPING events from decorations provider vscode.git 378
[2022-01-17 14:55:20.391] [exthost] [warning] [Decorations] CAPPING events from decorations provider vscode.git 380
[2022-01-17 14:55:22.495] [exthost] [warning] [Decorations] CAPPING events from decorations provider vscode.git 380
[2022-01-17 14:55:41.051] [exthost] [warning] [Decorations] CAPPING events from decorations provider vscode.git 381
[2022-01-17 14:56:01.561] [exthost] [warning] [Decorations] CAPPING events from decorations provider vscode.git 381
[2022-01-17 14:56:11.778] [exthost] [warning] [Decorations] CAPPING events from decorations provider vscode.git 381
[2022-01-17 14:56:13.884] [exthost] [warning] [Decorations] CAPPING events from decorations provider vscode.git 381
[2022-01-17 14:56:28.123] [exthost] [warning] [Decorations] CAPPING events from decorations provider vscode.git 395
[2022-01-17 14:56:32.244] [exthost] [warning] [Decorations] CAPPING events from decorations provider vscode.git 403
[2022-01-17 14:57:36.636] [exthost] [warning] [Decorations] CAPPING events from decorations provider vscode.git 602
[2022-01-17 14:57:38.766] [exthost] [warning] [Decorations] CAPPING events from decorations provider vscode.git 600
